<?xml version="1.0" encoding="utf-8"?><testsuites><testsuite name="pytest" errors="0" failures="0" skipped="0" tests="4" time="0.091" timestamp="2022-04-22T19:32:09.218674" hostname="MSI"><testcase classname="tests.test_api" name="test_add" time="0.002" /><testcase classname="tests.test_api" name="test_sub" time="0.001" /><testcase classname="tests.test_api" name="test_mul" time="0.001" /><testcase classname="tests.test_api" name="test_div" time="0.000" /></testsuite></testsuites>