<?xml version="1.0" encoding="utf-8"?><testsuites><testsuite name="pytest" errors="0" failures="0" skipped="0" tests="4" time="0.067" timestamp="2022-04-22T19:32:25.707808" hostname="MSI"><testcase classname="tests.test_api" name="test_add" time="0.001" /><testcase classname="tests.test_api" name="test_sub" time="0.001" /><testcase classname="tests.test_api" name="test_mul" time="0.001" /><testcase classname="tests.test_api" name="test_div" time="0.001" /></testsuite></testsuites>